[2025-01-07 16:16:55] 已写入 -- minecraft:amethyst_block
[2025-01-07 16:16:55] 未找到key -- minecraft:leather -- 'name'
[2025-01-07 16:16:55] 已写入 -- minecraft:andesite
[2025-01-07 16:16:55] 已写入 -- minecraft:andesite_wall
[2025-01-07 16:16:55] 已写入 -- minecraft:anvil
[2025-01-07 16:16:55] 已写入 -- minecraft:bamboo
[2025-01-07 16:16:55] 已写入 -- minecraft:bamboo_block
[2025-01-07 16:16:55] 已写入 -- minecraft:bamboo_mosaic
[2025-01-07 16:16:55] 已写入 -- minecraft:beacon
[2025-01-07 16:16:55] 未找到key -- minecraft:leather -- 'name'
[2025-01-07 16:16:55] 未找到key -- minecraft:leather -- 'name'
[2025-01-07 16:16:55] 已写入 -- minecraft:blackstone
[2025-01-07 16:16:55] 已写入 -- minecraft:blackstone_wall
[2025-01-07 16:16:55] 已写入 -- minecraft:black_banner
[2025-01-07 16:16:55] 已写入 -- minecraft:black_candle
[2025-01-07 16:16:55] 已写入 -- minecraft:black_candle
[2025-01-07 16:16:55] 已写入 -- minecraft:black_carpet
[2025-01-07 16:16:55] 已写入 -- minecraft:black_concrete
[2025-01-07 16:16:55] 已写入 -- minecraft:black_concrete_powder
[2025-01-07 16:16:55] 已写入 -- minecraft:blue_banner
[2025-01-07 16:16:55] 已写入 -- minecraft:blue_candle
[2025-01-07 16:16:55] 已写入 -- minecraft:blue_candle
[2025-01-07 16:16:55] 已写入 -- minecraft:blue_carpet
[2025-01-07 16:16:55] 已写入 -- minecraft:blue_concrete
[2025-01-07 16:16:55] 已写入 -- minecraft:blue_concrete_powder
[2025-01-07 16:16:55] 已写入 -- minecraft:bone_block
[2025-01-07 16:16:55] 未找到key -- minecraft:leather -- 'name'
[2025-01-07 16:16:55] 已写入 -- minecraft:brewing_stand
[2025-01-07 16:16:55] 已写入 -- minecraft:brick_wall
[2025-01-07 16:16:55] 已写入 -- minecraft:brown_banner
[2025-01-07 16:16:55] 已写入 -- minecraft:brown_candle
[2025-01-07 16:16:55] 已写入 -- minecraft:brown_candle
[2025-01-07 16:16:55] 已写入 -- minecraft:brown_carpet
[2025-01-07 16:16:55] 已写入 -- minecraft:brown_concrete
[2025-01-07 16:16:55] 已写入 -- minecraft:brown_concrete_powder
[2025-01-07 16:16:55] 未找到key -- minecraft:leather -- 'name'
[2025-01-07 16:16:55] 未找到key -- minecraft:leather -- 'name'
[2025-01-07 16:16:55] 已写入 -- minecraft:candle
[2025-01-07 16:16:55] 已写入 -- minecraft:candle
[2025-01-07 16:16:55] 已写入 -- minecraft:chain
[2025-01-07 16:16:55] 已写入 -- minecraft:chiseled_copper
[2025-01-07 16:16:55] 已写入 -- minecraft:chiseled_deepslate
[2025-01-07 16:16:55] 已写入 -- minecraft:chiseled_polished_blackstone
[2025-01-07 16:16:55] 已写入 -- minecraft:chiseled_quartz_block
[2025-01-07 16:16:55] 已写入 -- minecraft:chiseled_red_sandstone
[2025-01-07 16:16:55] 已写入 -- minecraft:chiseled_sandstone
[2025-01-07 16:16:55] 已写入 -- minecraft:chiseled_tuff
[2025-01-07 16:16:55] 已写入 -- minecraft:chiseled_tuff_bricks
[2025-01-07 16:16:55] 已写入 -- minecraft:coal_block
[2025-01-07 16:16:55] 已写入 -- minecraft:cobbled_deepslate
[2025-01-07 16:16:55] 已写入 -- minecraft:cobbled_deepslate_wall
[2025-01-07 16:16:55] 已写入 -- minecraft:cobblestone_wall
[2025-01-07 16:16:55] 已写入 -- minecraft:bone_meal
[2025-01-07 16:16:55] 已写入 -- minecraft:copper_block
[2025-01-07 16:16:55] 已写入 -- minecraft:copper_bulb
[2025-01-07 16:16:55] 已写入 -- minecraft:copper_door
[2025-01-07 16:16:55] 已写入 -- minecraft:copper_grate
[2025-01-07 16:16:55] 已写入 -- minecraft:copper_trapdoor
[2025-01-07 16:16:55] 已写入 -- minecraft:cracked_deepslate_tiles
[2025-01-07 16:16:55] 已写入 -- minecraft:cut_copper
[2025-01-07 16:16:55] 已写入 -- minecraft:cut_red_sandstone
[2025-01-07 16:16:55] 已写入 -- minecraft:cut_sandstone
[2025-01-07 16:16:55] 已写入 -- minecraft:cyan_banner
[2025-01-07 16:16:55] 已写入 -- minecraft:cyan_candle
[2025-01-07 16:16:55] 已写入 -- minecraft:cyan_candle
[2025-01-07 16:16:55] 已写入 -- minecraft:cyan_carpet
[2025-01-07 16:16:55] 已写入 -- minecraft:cyan_concrete
[2025-01-07 16:16:55] 已写入 -- minecraft:cyan_concrete_powder
[2025-01-07 16:16:55] 已写入 -- minecraft:dark_prismarine
[2025-01-07 16:16:55] 已写入 -- minecraft:dead_brain_coral
[2025-01-07 16:16:55] 已写入 -- minecraft:dead_brain_coral_block
[2025-01-07 16:16:55] 已写入 -- minecraft:dead_brain_coral_fan
[2025-01-07 16:16:55] 已写入 -- minecraft:dead_bubble_coral
[2025-01-07 16:16:55] 已写入 -- minecraft:dead_bubble_coral_block
[2025-01-07 16:16:55] 已写入 -- minecraft:dead_bubble_coral_fan
[2025-01-07 16:16:55] 已写入 -- minecraft:dead_fire_coral
[2025-01-07 16:16:55] 已写入 -- minecraft:dead_fire_coral_block
[2025-01-07 16:16:55] 已写入 -- minecraft:dead_fire_coral_fan
[2025-01-07 16:16:55] 已写入 -- minecraft:dead_horn_coral
[2025-01-07 16:16:55] 已写入 -- minecraft:dead_horn_coral_block
[2025-01-07 16:16:55] 已写入 -- minecraft:dead_horn_coral_fan
[2025-01-07 16:16:55] 已写入 -- minecraft:dead_tube_coral
[2025-01-07 16:16:55] 已写入 -- minecraft:dead_tube_coral_block
[2025-01-07 16:16:55] 已写入 -- minecraft:dead_tube_coral_fan
[2025-01-07 16:16:55] 未找到key -- minecraft:leather -- 'name'
[2025-01-07 16:16:55] 未找到key -- minecraft:leather -- 'name'
[2025-01-07 16:16:55] 已写入 -- minecraft:deepslate_brick_wall
[2025-01-07 16:16:55] 已写入 -- minecraft:deepslate_tiles
[2025-01-07 16:16:55] 已写入 -- minecraft:deepslate_tile_wall
[2025-01-07 16:16:55] 已写入 -- minecraft:diorite_wall
[2025-01-07 16:16:55] 已写入 -- minecraft:dripstone_block
[2025-01-07 16:16:55] 已写入 -- minecraft:emerald_block
[2025-01-07 16:16:55] 未找到key -- minecraft:leather -- 'name'
[2025-01-07 16:16:55] 已写入 -- minecraft:exposed_chiseled_copper
[2025-01-07 16:16:55] 已写入 -- minecraft:exposed_copper
[2025-01-07 16:16:55] 已写入 -- minecraft:exposed_copper_bulb
[2025-01-07 16:16:55] 已写入 -- minecraft:exposed_copper_door
[2025-01-07 16:16:55] 已写入 -- minecraft:exposed_copper_grate
[2025-01-07 16:16:55] 已写入 -- minecraft:exposed_copper_trapdoor
[2025-01-07 16:16:55] 已写入 -- minecraft:exposed_cut_copper
[2025-01-07 16:16:55] 已写入 -- minecraft:dirt
[2025-01-07 16:16:55] 未找到key -- minecraft:leather -- 'name'
[2025-01-07 16:16:55] 未找到key -- minecraft:leather -- 'name'
[2025-01-07 16:16:55] 未找到key -- minecraft:leather -- 'name'
[2025-01-07 16:16:55] 已写入 -- minecraft:granite
[2025-01-07 16:16:55] 已写入 -- minecraft:granite_wall
[2025-01-07 16:16:55] 已写入 -- minecraft:gray_banner
[2025-01-07 16:16:55] 已写入 -- minecraft:gray_candle
[2025-01-07 16:16:55] 已写入 -- minecraft:gray_candle
[2025-01-07 16:16:55] 已写入 -- minecraft:gray_carpet
[2025-01-07 16:16:55] 已写入 -- minecraft:gray_concrete
[2025-01-07 16:16:55] 已写入 -- minecraft:gray_concrete_powder
[2025-01-07 16:16:55] 已写入 -- minecraft:green_banner
[2025-01-07 16:16:55] 已写入 -- minecraft:green_candle
[2025-01-07 16:16:55] 已写入 -- minecraft:green_candle
[2025-01-07 16:16:55] 已写入 -- minecraft:green_carpet
[2025-01-07 16:16:55] 已写入 -- minecraft:green_concrete
[2025-01-07 16:16:55] 已写入 -- minecraft:green_concrete_powder
[2025-01-07 16:16:55] 未找到key -- minecraft:leather -- 'name'
[2025-01-07 16:16:55] 已写入 -- minecraft:lantern
[2025-01-07 16:16:55] 未找到key -- minecraft:leather -- 'name'
[2025-01-07 16:16:55] 已写入 -- minecraft:light_blue_banner
[2025-01-07 16:16:55] 已写入 -- minecraft:light_blue_candle
[2025-01-07 16:16:55] 已写入 -- minecraft:light_blue_candle
[2025-01-07 16:16:55] 已写入 -- minecraft:light_blue_carpet
[2025-01-07 16:16:55] 已写入 -- minecraft:light_blue_concrete
[2025-01-07 16:16:55] 已写入 -- minecraft:light_blue_concrete_powder
[2025-01-07 16:16:55] 已写入 -- minecraft:light_gray_banner
[2025-01-07 16:16:55] 已写入 -- minecraft:light_gray_candle
[2025-01-07 16:16:55] 已写入 -- minecraft:light_gray_candle
[2025-01-07 16:16:55] 已写入 -- minecraft:light_gray_carpet
[2025-01-07 16:16:55] 已写入 -- minecraft:light_gray_concrete
[2025-01-07 16:16:55] 已写入 -- minecraft:light_gray_concrete_powder
[2025-01-07 16:16:55] 已写入 -- minecraft:lime_banner
[2025-01-07 16:16:55] 已写入 -- minecraft:lime_candle
[2025-01-07 16:16:55] 已写入 -- minecraft:lime_candle
[2025-01-07 16:16:55] 已写入 -- minecraft:lime_carpet
[2025-01-07 16:16:55] 已写入 -- minecraft:lime_concrete
[2025-01-07 16:16:55] 已写入 -- minecraft:lime_concrete_powder
[2025-01-07 16:16:55] 已写入 -- minecraft:magenta_banner
[2025-01-07 16:16:55] 已写入 -- minecraft:magenta_candle
[2025-01-07 16:16:55] 已写入 -- minecraft:magenta_candle
[2025-01-07 16:16:55] 已写入 -- minecraft:magenta_carpet
[2025-01-07 16:16:55] 已写入 -- minecraft:magenta_concrete
[2025-01-07 16:16:55] 已写入 -- minecraft:magenta_concrete_powder
[2025-01-07 16:16:55] 已写入 -- minecraft:magma_block
[2025-01-07 16:16:55] 已写入 -- minecraft:mud_brick_wall
[2025-01-07 16:16:55] 已写入 -- minecraft:netherite_block
[2025-01-07 16:16:55] 已写入 -- minecraft:nether_brick_wall
[2025-01-07 16:16:55] 已写入 -- minecraft:nether_sprouts
[2025-01-07 16:16:55] 已写入 -- minecraft:nether_wart_block
[2025-01-07 16:16:55] 已写入 -- minecraft:orange_banner
[2025-01-07 16:16:55] 已写入 -- minecraft:orange_candle
[2025-01-07 16:16:55] 已写入 -- minecraft:orange_candle
[2025-01-07 16:16:55] 已写入 -- minecraft:orange_carpet
[2025-01-07 16:16:55] 已写入 -- minecraft:orange_concrete
[2025-01-07 16:16:55] 已写入 -- minecraft:orange_concrete_powder
[2025-01-07 16:16:55] 已写入 -- minecraft:oxidized_chiseled_copper
[2025-01-07 16:16:55] 已写入 -- minecraft:oxidized_copper
[2025-01-07 16:16:55] 已写入 -- minecraft:oxidized_copper_bulb
[2025-01-07 16:16:55] 已写入 -- minecraft:oxidized_copper_door
[2025-01-07 16:16:55] 已写入 -- minecraft:oxidized_copper_grate
[2025-01-07 16:16:55] 已写入 -- minecraft:oxidized_copper_trapdoor
[2025-01-07 16:16:55] 已写入 -- minecraft:oxidized_cut_copper
[2025-01-07 16:16:55] 已写入 -- minecraft:pink_banner
[2025-01-07 16:16:55] 已写入 -- minecraft:pink_candle
[2025-01-07 16:16:55] 已写入 -- minecraft:pink_candle
[2025-01-07 16:16:55] 已写入 -- minecraft:pink_carpet
[2025-01-07 16:16:55] 已写入 -- minecraft:pink_concrete
[2025-01-07 16:16:55] 已写入 -- minecraft:pink_concrete_powder
[2025-01-07 16:16:55] 未找到key -- minecraft:leather -- 'name'
[2025-01-07 16:16:55] 未找到key -- minecraft:leather -- 'name'
[2025-01-07 16:16:55] 已写入 -- minecraft:polished_blackstone
[2025-01-07 16:16:55] 已写入 -- minecraft:polished_blackstone_brick_wall
[2025-01-07 16:16:55] 已写入 -- minecraft:polished_blackstone_wall
[2025-01-07 16:16:55] 已写入 -- minecraft:polished_deepslate
[2025-01-07 16:16:55] 已写入 -- minecraft:polished_deepslate_wall
[2025-01-07 16:16:55] 已写入 -- minecraft:polished_tuff
[2025-01-07 16:16:55] 已写入 -- minecraft:polished_tuff_slab
[2025-01-07 16:16:55] 已写入 -- minecraft:polished_tuff_stairs
[2025-01-07 16:16:55] 已写入 -- minecraft:polished_tuff_wall
[2025-01-07 16:16:55] 已写入 -- minecraft:bamboo
[2025-01-07 16:16:55] 已写入 -- minecraft:prismarine
[2025-01-07 16:16:55] 已写入 -- minecraft:prismarine_wall
[2025-01-07 16:16:55] 已写入 -- minecraft:purple_banner
[2025-01-07 16:16:55] 已写入 -- minecraft:purple_candle
[2025-01-07 16:16:55] 已写入 -- minecraft:purple_candle
[2025-01-07 16:16:55] 已写入 -- minecraft:purple_carpet
[2025-01-07 16:16:55] 已写入 -- minecraft:purple_concrete
[2025-01-07 16:16:55] 已写入 -- minecraft:purple_concrete_powder
[2025-01-07 16:16:55] 已写入 -- minecraft:quartz_block
[2025-01-07 16:16:55] 已写入 -- minecraft:raw_copper_block
[2025-01-07 16:16:55] 已写入 -- minecraft:raw_gold_block
[2025-01-07 16:16:55] 已写入 -- minecraft:raw_iron_block
[2025-01-07 16:16:55] 已写入 -- minecraft:redstone_block
[2025-01-07 16:16:55] 已写入 -- minecraft:redstone
[2025-01-07 16:16:55] 已写入 -- minecraft:red_banner
[2025-01-07 16:16:55] 已写入 -- minecraft:red_candle
[2025-01-07 16:16:55] 已写入 -- minecraft:red_candle
[2025-01-07 16:16:55] 已写入 -- minecraft:red_carpet
[2025-01-07 16:16:55] 已写入 -- minecraft:red_concrete
[2025-01-07 16:16:55] 已写入 -- minecraft:red_concrete_powder
[2025-01-07 16:16:55] 已写入 -- minecraft:red_nether_brick_wall
[2025-01-07 16:16:55] 已写入 -- minecraft:red_sandstone
[2025-01-07 16:16:55] 已写入 -- minecraft:red_sandstone_wall
[2025-01-07 16:16:55] 已写入 -- minecraft:repeater
[2025-01-07 16:16:55] 已写入 -- minecraft:respawn_anchor
[2025-01-07 16:16:55] 已写入 -- minecraft:sandstone_wall
[2025-01-07 16:16:55] 未找到key -- minecraft:leather -- 'name'
[2025-01-07 16:16:55] 已写入 -- minecraft:smooth_basalt
[2025-01-07 16:16:55] 已写入 -- minecraft:smooth_quartz
[2025-01-07 16:16:55] 已写入 -- minecraft:smooth_red_sandstone
[2025-01-07 16:16:55] 已写入 -- minecraft:smooth_sandstone
[2025-01-07 16:16:55] 已写入 -- minecraft:smooth_stone
[2025-01-07 16:16:55] 未找到key -- minecraft:leather -- 'name'
[2025-01-07 16:16:55] 已写入 -- minecraft:soul_lantern
[2025-01-07 16:16:55] 已写入 -- minecraft:stone_brick_wall
[2025-01-07 16:16:55] 已写入 -- minecraft:string
[2025-01-07 16:16:55] 已写入 -- minecraft:tripwire_hook
[2025-01-07 16:16:55] 未找到key -- minecraft:leather -- 'name'
[2025-01-07 16:16:55] 已写入 -- minecraft:tuff_bricks
[2025-01-07 16:16:55] 已写入 -- minecraft:tuff_brick_slab
[2025-01-07 16:16:55] 已写入 -- minecraft:tuff_brick_stairs
[2025-01-07 16:16:55] 已写入 -- minecraft:tuff_brick_wall
[2025-01-07 16:16:55] 已写入 -- minecraft:tuff_slab
[2025-01-07 16:16:55] 已写入 -- minecraft:tuff_stairs
[2025-01-07 16:16:55] 已写入 -- minecraft:tuff_wall
[2025-01-07 16:16:55] 未找到key -- minecraft:leather -- 'name'
[2025-01-07 16:16:55] 已写入 -- minecraft:warped_hyphae
[2025-01-07 16:16:55] 已写入 -- minecraft:waxed_chiseled_copper
[2025-01-07 16:16:55] 已写入 -- minecraft:waxed_copper_block
[2025-01-07 16:16:55] 已写入 -- minecraft:waxed_copper_bulb
[2025-01-07 16:16:55] 已写入 -- minecraft:waxed_copper_door
[2025-01-07 16:16:55] 已写入 -- minecraft:waxed_copper_grate
[2025-01-07 16:16:55] 已写入 -- minecraft:waxed_copper_trapdoor
[2025-01-07 16:16:55] 已写入 -- minecraft:waxed_cut_copper
[2025-01-07 16:16:55] 已写入 -- minecraft:waxed_exposed_chiseled_copper
[2025-01-07 16:16:55] 已写入 -- minecraft:waxed_exposed_copper
[2025-01-07 16:16:55] 已写入 -- minecraft:waxed_exposed_copper_bulb
[2025-01-07 16:16:55] 已写入 -- minecraft:waxed_exposed_copper_door
[2025-01-07 16:16:55] 已写入 -- minecraft:waxed_exposed_copper_grate
[2025-01-07 16:16:55] 已写入 -- minecraft:waxed_exposed_copper_trapdoor
[2025-01-07 16:16:55] 已写入 -- minecraft:waxed_exposed_cut_copper
[2025-01-07 16:16:55] 已写入 -- minecraft:waxed_oxidized_chiseled_copper
[2025-01-07 16:16:55] 已写入 -- minecraft:waxed_oxidized_copper
[2025-01-07 16:16:55] 已写入 -- minecraft:waxed_oxidized_copper_bulb
[2025-01-07 16:16:55] 已写入 -- minecraft:waxed_oxidized_copper_door
[2025-01-07 16:16:55] 已写入 -- minecraft:waxed_oxidized_copper_grate
[2025-01-07 16:16:55] 已写入 -- minecraft:waxed_oxidized_copper_trapdoor
[2025-01-07 16:16:55] 已写入 -- minecraft:waxed_oxidized_cut_copper
[2025-01-07 16:16:55] 已写入 -- minecraft:waxed_weathered_chiseled_copper
[2025-01-07 16:16:55] 已写入 -- minecraft:waxed_weathered_copper
[2025-01-07 16:16:55] 已写入 -- minecraft:waxed_weathered_copper_bulb
[2025-01-07 16:16:55] 已写入 -- minecraft:waxed_weathered_copper_door
[2025-01-07 16:16:55] 已写入 -- minecraft:waxed_weathered_copper_grate
[2025-01-07 16:16:55] 已写入 -- minecraft:waxed_weathered_copper_trapdoor
[2025-01-07 16:16:55] 已写入 -- minecraft:waxed_weathered_cut_copper
[2025-01-07 16:16:55] 已写入 -- minecraft:weathered_chiseled_copper
[2025-01-07 16:16:55] 已写入 -- minecraft:weathered_copper
[2025-01-07 16:16:55] 已写入 -- minecraft:weathered_copper_bulb
[2025-01-07 16:16:55] 已写入 -- minecraft:weathered_copper_door
[2025-01-07 16:16:55] 已写入 -- minecraft:weathered_copper_grate
[2025-01-07 16:16:55] 已写入 -- minecraft:weathered_copper_trapdoor
[2025-01-07 16:16:55] 已写入 -- minecraft:weathered_cut_copper
[2025-01-07 16:16:55] 未找到key -- minecraft:leather -- 'name'
[2025-01-07 16:16:55] 已写入 -- minecraft:wet_sponge
[2025-01-07 16:16:55] 已写入 -- minecraft:white_banner
[2025-01-07 16:16:55] 已写入 -- minecraft:white_candle
[2025-01-07 16:16:55] 已写入 -- minecraft:white_candle
[2025-01-07 16:16:55] 已写入 -- minecraft:white_carpet
[2025-01-07 16:16:55] 已写入 -- minecraft:white_concrete
[2025-01-07 16:16:55] 已写入 -- minecraft:white_concrete_powder
[2025-01-07 16:16:55] 已写入 -- minecraft:yellow_banner
[2025-01-07 16:16:55] 已写入 -- minecraft:yellow_candle
[2025-01-07 16:16:55] 已写入 -- minecraft:yellow_candle
[2025-01-07 16:16:55] 已写入 -- minecraft:yellow_carpet
[2025-01-07 16:16:55] 已写入 -- minecraft:yellow_concrete
[2025-01-07 16:16:55] 已写入 -- minecraft:yellow_concrete_powder
